0 info it worked if it ends with ok
1 verbose cli [ '/usr/bin/nodejs', '/usr/bin/npm', 'start' ]
2 info using npm@4.1.2
3 info using node@v7.6.0
4 verbose config Skipping project config: /home/debian/.npmrc. (matches userconfig)
5 verbose stack Error: ENOENT: no such file or directory, open '/home/debian/package.json'
6 verbose cwd /home/debian
7 error Linux 3.13.0-00298-g3c7cbb9-dirty
8 error argv "/usr/bin/nodejs" "/usr/bin/npm" "start"
9 error node v7.6.0
10 error npm  v4.1.2
11 error path /home/debian/package.json
12 error code ENOENT
13 error errno -2
14 error syscall open
15 error enoent ENOENT: no such file or directory, open '/home/debian/package.json'
16 error enoent ENOENT: no such file or directory, open '/home/debian/package.json'
16 error enoent This is most likely not a problem with npm itself
16 error enoent and is related to npm not being able to find a file.
17 verbose exit [ -2, true ]
